#
# There is insufficient memory for the Java Runtime Environment to continue.
# Native memory allocation (malloc) failed to allocate 32744 bytes for ChunkPool::allocate
# Possible reasons:
#   The system is out of physical RAM or swap space
#   The process is running with CompressedOops enabled, and the Java Heap may be blocking the growth of the native heap
# Possible solutions:
#   Reduce memory load on the system
#   Increase physical memory or swap space
#   Check if swap backing store is full
#   Decrease Java heap size (-Xmx/-Xms)
#   Decrease number of Java threads
#   Decrease Java thread stack sizes (-Xss)
#   Set larger code cache with -XX:ReservedCodeCacheSize=
#   JVM is running with Unscaled Compressed Oops mode in which the Java heap is
#     placed in the first 4GB address space. The Java Heap base address is the
#     maximum limit for the native heap growth. Please use -XX:HeapBaseMinAddress
#     to set the Java Heap base and to place the Java Heap above 4GB virtual address.
# This output file may be truncated or incomplete.
#
#  Out of Memory Error (arena.cpp:78), pid=25704, tid=23536
#
# JRE version: Java(TM) SE Runtime Environment (17.0.12+8) (build 17.0.12+8-LTS-286)
# Java VM: Java HotSpot(TM) 64-Bit Server VM (17.0.12+8-LTS-286, mixed mode, sharing, tiered, compressed oops, compressed class ptrs, g1 gc, windows-amd64)
# No core dump will be written. Minidumps are not enabled by default on client versions of Windows
#

---------------  S U M M A R Y ------------

Command Line: -Xmx64m -Xms64m -Dorg.gradle.appname=gradlew org.gradle.wrapper.GradleWrapperMain app:installDebug -PreactNativeDevServerPort=8081

Host: Intel(R) Core(TM) i5-10300H CPU @ 2.50GHz, 8 cores, 7G,  Windows 11 , 64 bit Build 26100 (10.0.26100.1620)
Time: Wed Apr  9 06:38:21 2025 Malay Peninsula Standard Time elapsed time: 10.494196 seconds (0d 0h 0m 10s)

---------------  T H R E A D  ---------------

Current thread (0x0000022e43a026e0):  JavaThread "C2 CompilerThread0" daemon [_thread_in_native, id=23536, stack(0x0000007c97800000,0x0000007c97900000)]


Current CompileTask:
C2:  10494 1472       4       java.lang.AbstractStringBuilder::append (45 bytes)

Stack: [0x0000007c97800000,0x0000007c97900000]
Native frames: (J=compiled Java code, j=interpreted, Vv=VM code, C=native code)
V  [jvm.dll+0x67a04a]
V  [jvm.dll+0x7da4ed]
V  [jvm.dll+0x7dbe33]
V  [jvm.dll+0x7dc4a3]
V  [jvm.dll+0x24508f]
V  [jvm.dll+0xab9a4]
V  [jvm.dll+0xabd3c]
V  [jvm.dll+0x61cd83]
V  [jvm.dll+0x33dd09]
V  [jvm.dll+0x346662]
V  [jvm.dll+0x689b4e]
V  [jvm.dll+0x68a3ed]
V  [jvm.dll+0x689a20]
V  [jvm.dll+0x687932]
V  [jvm.dll+0x1a5bac]
V  [jvm.dll+0x1a6708]
V  [jvm.dll+0x2a975c]
V  [jvm.dll+0x6923b6]
V  [jvm.dll+0x68a3d5]
V  [jvm.dll+0x689a20]
V  [jvm.dll+0x687932]
V  [jvm.dll+0x1a5bac]
V  [jvm.dll+0x215818]
V  [jvm.dll+0x1a2960]
V  [jvm.dll+0x22610b]
V  [jvm.dll+0x2242ab]
V  [jvm.dll+0x79075c]
V  [jvm.dll+0x78abea]
V  [jvm.dll+0x678f35]
C  [ucrtbase.dll+0x14ea0]
C  [KERNEL32.DLL+0x2dbe7]
C  [ntdll.dll+0x85a6c]


---------------  P R O C E S S  ---------------

Threads class SMR info:
_java_thread_list=0x0000022e89ecdfd0, length=12, elements={
0x0000022e2a253740, 0x0000022e2a308dc0, 0x0000022e2a309890, 0x0000022e2a31d2a0,
0x0000022e2a31df70, 0x0000022e2a31e840, 0x0000022e439f2320, 0x0000022e43a026e0,
0x0000022e43a02ff0, 0x0000022e43a05910, 0x0000022e43c55030, 0x0000022e43c584f0
}

Java Threads: ( => current thread )
  0x0000022e2a253740 JavaThread "main" [_thread_blocked, id=17248, stack(0x0000007c96b00000,0x0000007c96c00000)]
  0x0000022e2a308dc0 JavaThread "Reference Handler" daemon [_thread_blocked, id=19580, stack(0x0000007c97200000,0x0000007c97300000)]
  0x0000022e2a309890 JavaThread "Finalizer" daemon [_thread_blocked, id=6604, stack(0x0000007c97300000,0x0000007c97400000)]
  0x0000022e2a31d2a0 JavaThread "Signal Dispatcher" daemon [_thread_blocked, id=12264, stack(0x0000007c97400000,0x0000007c97500000)]
  0x0000022e2a31df70 JavaThread "Attach Listener" daemon [_thread_blocked, id=18524, stack(0x0000007c97500000,0x0000007c97600000)]
  0x0000022e2a31e840 JavaThread "Service Thread" daemon [_thread_blocked, id=15340, stack(0x0000007c97600000,0x0000007c97700000)]
  0x0000022e439f2320 JavaThread "Monitor Deflation Thread" daemon [_thread_blocked, id=21724, stack(0x0000007c97700000,0x0000007c97800000)]
=>0x0000022e43a026e0 JavaThread "C2 CompilerThread0" daemon [_thread_in_native, id=23536, stack(0x0000007c97800000,0x0000007c97900000)]
  0x0000022e43a02ff0 JavaThread "C1 CompilerThread0" daemon [_thread_in_native, id=26228, stack(0x0000007c97900000,0x0000007c97a00000)]
  0x0000022e43a05910 JavaThread "Sweeper thread" daemon [_thread_blocked, id=6304, stack(0x0000007c97a00000,0x0000007c97b00000)]
  0x0000022e43c55030 JavaThread "Notification Thread" daemon [_thread_blocked, id=22676, stack(0x0000007c97b00000,0x0000007c97c00000)]
  0x0000022e43c584f0 JavaThread "Common-Cleaner" daemon [_thread_blocked, id=3064, stack(0x0000007c97d00000,0x0000007c97e00000)]

Other Threads:
  0x0000022e2a303000 VMThread "VM Thread" [stack: 0x0000007c97100000,0x0000007c97200000] [id=7312]
  0x0000022e2a283700 WatcherThread [stack: 0x0000007c97c00000,0x0000007c97d00000] [id=14716]
  0x0000022e2a272f70 GCTaskThread "GC Thread#0" [stack: 0x0000007c96c00000,0x0000007c96d00000] [id=22396]
  0x0000022e89397de0 GCTaskThread "GC Thread#1" [stack: 0x0000007c98000000,0x0000007c98100000] [id=2460]
  0x0000022e8963e9c0 GCTaskThread "GC Thread#2" [stack: 0x0000007c98100000,0x0000007c98200000] [id=12636]
  0x0000022e8925d2d0 GCTaskThread "GC Thread#3" [stack: 0x0000007c98200000,0x0000007c98300000] [id=6188]
  0x0000022e8a475ac0 GCTaskThread "GC Thread#4" [stack: 0x0000007c97e00000,0x0000007c97f00000] [id=2504]
  0x0000022e89ef4030 GCTaskThread "GC Thread#5" [stack: 0x0000007c97f00000,0x0000007c98000000] [id=18564]
  0x0000022e8a40d4d0 GCTaskThread "GC Thread#6" [stack: 0x0000007c98400000,0x0000007c98500000] [id=16924]
  0x0000022e2a2745d0 ConcurrentGCThread "G1 Main Marker" [stack: 0x0000007c96d00000,0x0000007c96e00000] [id=1988]
  0x0000022e2a276bd0 ConcurrentGCThread "G1 Conc#0" [stack: 0x0000007c96e00000,0x0000007c96f00000] [id=26472]
  0x0000022e2a2e1830 ConcurrentGCThread "G1 Refine#0" [stack: 0x0000007c96f00000,0x0000007c97000000] [id=20188]
  0x0000022e2a2e2170 ConcurrentGCThread "G1 Service" [stack: 0x0000007c97000000,0x0000007c97100000] [id=20084]

Threads with active compile tasks:
C2 CompilerThread0    10526 1472       4       java.lang.AbstractStringBuilder::append (45 bytes)
C1 CompilerThread0    10526 1473       3       java.lang.invoke.MethodHandles$Lookup::in (283 bytes)

VM state: not at safepoint (normal execution)

VM Mutex/Monitor currently owned by a thread: None

Heap address: 0x00000000fc000000, size: 64 MB, Compressed Oops mode: 32-bit

CDS archive(s) mapped at: [0x0000022e44000000-0x0000022e44bd0000-0x0000022e44bd0000), size 12386304, SharedBaseAddress: 0x0000022e44000000, ArchiveRelocationMode: 1.
Compressed class space mapped at: 0x0000022e45000000-0x0000022e85000000, reserved size: 1073741824
Narrow klass base: 0x0000022e44000000, Narrow klass shift: 0, Narrow klass range: 0x100000000

GC Precious Log:
 CPUs: 8 total, 8 available
 Memory: 8029M
 Large Page Support: Disabled
 NUMA Support: Disabled
 Compressed Oops: Enabled (32-bit)
 Heap Region Size: 1M
 Heap Min Capacity: 64M
 Heap Initial Capacity: 64M
 Heap Max Capacity: 64M
 Pre-touch: Disabled
 Parallel Workers: 8
 Concurrent Workers: 2
 Concurrent Refinement Workers: 8
 Periodic GC: Disabled

Heap:
 garbage-first heap   total 65536K, used 17524K [0x00000000fc000000, 0x0000000100000000)
  region size 1024K, 10 young (10240K), 4 survivors (4096K)
 Metaspace       used 9743K, committed 9920K, reserved 1114112K
  class space    used 1319K, committed 1408K, reserved 1048576K

Heap Regions: E=young(eden), S=young(survivor), O=old, HS=humongous(starts), HC=humongous(continues), CS=collection set, F=free, OA=open archive, CA=closed archive, TAMS=top-at-mark-start (previous, next)
|   0|0x00000000fc000000, 0x00000000fc100000, 0x00000000fc100000|100%| O|  |TAMS 0x00000000fc000000, 0x00000000fc000000| Untracked 
|   1|0x00000000fc100000, 0x00000000fc200000, 0x00000000fc200000|100%| O|  |TAMS 0x00000000fc100000, 0x00000000fc100000| Untracked 
|   2|0x00000000fc200000, 0x00000000fc300000, 0x00000000fc300000|100%|HS|  |TAMS 0x00000000fc200000, 0x00000000fc200000| Complete 
|   3|0x00000000fc300000, 0x00000000fc400000, 0x00000000fc400000|100%|HC|  |TAMS 0x00000000fc300000, 0x00000000fc300000| Complete 
|   4|0x00000000fc400000, 0x00000000fc500000, 0x00000000fc500000|100%|HC|  |TAMS 0x00000000fc400000, 0x00000000fc400000| Complete 
|   5|0x00000000fc500000, 0x00000000fc600000, 0x00000000fc600000|100%|HC|  |TAMS 0x00000000fc500000, 0x00000000fc500000| Complete 
|   6|0x00000000fc600000, 0x00000000fc700000, 0x00000000fc700000|100%| O|  |TAMS 0x00000000fc600000, 0x00000000fc600000| Untracked 
|   7|0x00000000fc700000, 0x00000000fc800000, 0x00000000fc800000|100%| O|  |TAMS 0x00000000fc700000, 0x00000000fc700000| Untracked 
|   8|0x00000000fc800000, 0x00000000fc853a00, 0x00000000fc900000| 32%| O|  |TAMS 0x00000000fc800000, 0x00000000fc800000| Untracked 
|   9|0x00000000fc900000, 0x00000000fc900000, 0x00000000fca00000|  0%| F|  |TAMS 0x00000000fc900000, 0x00000000fc900000| Untracked 
|  10|0x00000000fca00000, 0x00000000fca00000, 0x00000000fcb00000|  0%| F|  |TAMS 0x00000000fca00000, 0x00000000fca00000| Untracked 
|  11|0x00000000fcb00000, 0x00000000fcb00000, 0x00000000fcc00000|  0%| F|  |TAMS 0x00000000fcb00000, 0x00000000fcb00000| Untracked 
|  12|0x00000000fcc00000, 0x00000000fcc00000, 0x00000000fcd00000|  0%| F|  |TAMS 0x00000000fcc00000, 0x00000000fcc00000| Untracked 
|  13|0x00000000fcd00000, 0x00000000fcd00000, 0x00000000fce00000|  0%| F|  |TAMS 0x00000000fcd00000, 0x00000000fcd00000| Untracked 
|  14|0x00000000fce00000, 0x00000000fce00000, 0x00000000fcf00000|  0%| F|  |TAMS 0x00000000fce00000, 0x00000000fce00000| Untracked 
|  15|0x00000000fcf00000, 0x00000000fcf00000, 0x00000000fd000000|  0%| F|  |TAMS 0x00000000fcf00000, 0x00000000fcf00000| Untracked 
|  16|0x00000000fd000000, 0x00000000fd000000, 0x00000000fd100000|  0%| F|  |TAMS 0x00000000fd000000, 0x00000000fd000000| Untracked 
|  17|0x00000000fd100000, 0x00000000fd100000, 0x00000000fd200000|  0%| F|  |TAMS 0x00000000fd100000, 0x00000000fd100000| Untracked 
|  18|0x00000000fd200000, 0x00000000fd200000, 0x00000000fd300000|  0%| F|  |TAMS 0x00000000fd200000, 0x00000000fd200000| Untracked 
|  19|0x00000000fd300000, 0x00000000fd300000, 0x00000000fd400000|  0%| F|  |TAMS 0x00000000fd300000, 0x00000000fd300000| Untracked 
|  20|0x00000000fd400000, 0x00000000fd400000, 0x00000000fd500000|  0%| F|  |TAMS 0x00000000fd400000, 0x00000000fd400000| Untracked 
|  21|0x00000000fd500000, 0x00000000fd500000, 0x00000000fd600000|  0%| F|  |TAMS 0x00000000fd500000, 0x00000000fd500000| Untracked 
|  22|0x00000000fd600000, 0x00000000fd600000, 0x00000000fd700000|  0%| F|  |TAMS 0x00000000fd600000, 0x00000000fd600000| Untracked 
|  23|0x00000000fd700000, 0x00000000fd700000, 0x00000000fd800000|  0%| F|  |TAMS 0x00000000fd700000, 0x00000000fd700000| Untracked 
|  24|0x00000000fd800000, 0x00000000fd800000, 0x00000000fd900000|  0%| F|  |TAMS 0x00000000fd800000, 0x00000000fd800000| Untracked 
|  25|0x00000000fd900000, 0x00000000fd900000, 0x00000000fda00000|  0%| F|  |TAMS 0x00000000fd900000, 0x00000000fd900000| Untracked 
|  26|0x00000000fda00000, 0x00000000fda00000, 0x00000000fdb00000|  0%| F|  |TAMS 0x00000000fda00000, 0x00000000fda00000| Untracked 
|  27|0x00000000fdb00000, 0x00000000fdb00000, 0x00000000fdc00000|  0%| F|  |TAMS 0x00000000fdb00000, 0x00000000fdb00000| Untracked 
|  28|0x00000000fdc00000, 0x00000000fdc00000, 0x00000000fdd00000|  0%| F|  |TAMS 0x00000000fdc00000, 0x00000000fdc00000| Untracked 
|  29|0x00000000fdd00000, 0x00000000fdd00000, 0x00000000fde00000|  0%| F|  |TAMS 0x00000000fdd00000, 0x00000000fdd00000| Untracked 
|  30|0x00000000fde00000, 0x00000000fdec9720, 0x00000000fdf00000| 78%| S|CS|TAMS 0x00000000fde00000, 0x00000000fde00000| Complete 
|  31|0x00000000fdf00000, 0x00000000fe000000, 0x00000000fe000000|100%| S|CS|TAMS 0x00000000fdf00000, 0x00000000fdf00000| Complete 
|  32|0x00000000fe000000, 0x00000000fe100000, 0x00000000fe100000|100%| S|CS|TAMS 0x00000000fe000000, 0x00000000fe000000| Complete 
|  33|0x00000000fe100000, 0x00000000fe200000, 0x00000000fe200000|100%| S|CS|TAMS 0x00000000fe100000, 0x00000000fe100000| Complete 
|  34|0x00000000fe200000, 0x00000000fe200000, 0x00000000fe300000|  0%| F|  |TAMS 0x00000000fe200000, 0x00000000fe200000| Untracked 
|  35|0x00000000fe300000, 0x00000000fe300000, 0x00000000fe400000|  0%| F|  |TAMS 0x00000000fe300000, 0x00000000fe300000| Untracked 
|  36|0x00000000fe400000, 0x00000000fe400000, 0x00000000fe500000|  0%| F|  |TAMS 0x00000000fe400000, 0x00000000fe400000| Untracked 
|  37|0x00000000fe500000, 0x00000000fe500000, 0x00000000fe600000|  0%| F|  |TAMS 0x00000000fe500000, 0x00000000fe500000| Untracked 
|  38|0x00000000fe600000, 0x00000000fe600000, 0x00000000fe700000|  0%| F|  |TAMS 0x00000000fe600000, 0x00000000fe600000| Untracked 
|  39|0x00000000fe700000, 0x00000000fe700000, 0x00000000fe800000|  0%| F|  |TAMS 0x00000000fe700000, 0x00000000fe700000| Untracked 
|  40|0x00000000fe800000, 0x00000000fe800000, 0x00000000fe900000|  0%| F|  |TAMS 0x00000000fe800000, 0x00000000fe800000| Untracked 
|  41|0x00000000fe900000, 0x00000000fe900000, 0x00000000fea00000|  0%| F|  |TAMS 0x00000000fe900000, 0x00000000fe900000| Untracked 
|  42|0x00000000fea00000, 0x00000000fea00000, 0x00000000feb00000|  0%| F|  |TAMS 0x00000000fea00000, 0x00000000fea00000| Untracked 
|  43|0x00000000feb00000, 0x00000000feb00000, 0x00000000fec00000|  0%| F|  |TAMS 0x00000000feb00000, 0x00000000feb00000| Untracked 
|  44|0x00000000fec00000, 0x00000000fec00000, 0x00000000fed00000|  0%| F|  |TAMS 0x00000000fec00000, 0x00000000fec00000| Untracked 
|  45|0x00000000fed00000, 0x00000000fed00000, 0x00000000fee00000|  0%| F|  |TAMS 0x00000000fed00000, 0x00000000fed00000| Untracked 
|  46|0x00000000fee00000, 0x00000000fee00000, 0x00000000fef00000|  0%| F|  |TAMS 0x00000000fee00000, 0x00000000fee00000| Untracked 
|  47|0x00000000fef00000, 0x00000000fef00000, 0x00000000ff000000|  0%| F|  |TAMS 0x00000000fef00000, 0x00000000fef00000| Untracked 
|  48|0x00000000ff000000, 0x00000000ff000000, 0x00000000ff100000|  0%| F|  |TAMS 0x00000000ff000000, 0x00000000ff000000| Untracked 
|  49|0x00000000ff100000, 0x00000000ff100000, 0x00000000ff200000|  0%| F|  |TAMS 0x00000000ff100000, 0x00000000ff100000| Untracked 
|  50|0x00000000ff200000, 0x00000000ff200000, 0x00000000ff300000|  0%| F|  |TAMS 0x00000000ff200000, 0x00000000ff200000| Untracked 
|  51|0x00000000ff300000, 0x00000000ff300000, 0x00000000ff400000|  0%| F|  |TAMS 0x00000000ff300000, 0x00000000ff300000| Untracked 
|  52|0x00000000ff400000, 0x00000000ff400000, 0x00000000ff500000|  0%| F|  |TAMS 0x00000000ff400000, 0x00000000ff400000| Untracked 
|  53|0x00000000ff500000, 0x00000000ff500000, 0x00000000ff600000|  0%| F|  |TAMS 0x00000000ff500000, 0x00000000ff500000| Untracked 
|  54|0x00000000ff600000, 0x00000000ff600000, 0x00000000ff700000|  0%| F|  |TAMS 0x00000000ff600000, 0x00000000ff600000| Untracked 
|  55|0x00000000ff700000, 0x00000000ff700000, 0x00000000ff800000|  0%| F|  |TAMS 0x00000000ff700000, 0x00000000ff700000| Untracked 
|  56|0x00000000ff800000, 0x00000000ff800000, 0x00000000ff900000|  0%| F|  |TAMS 0x00000000ff800000, 0x00000000ff800000| Untracked 
|  57|0x00000000ff900000, 0x00000000ff900000, 0x00000000ffa00000|  0%| F|  |TAMS 0x00000000ff900000, 0x00000000ff900000| Untracked 
|  58|0x00000000ffa00000, 0x00000000ffa40820, 0x00000000ffb00000| 25%| E|  |TAMS 0x00000000ffa00000, 0x00000000ffa00000| Complete 
|  59|0x00000000ffb00000, 0x00000000ffc00000, 0x00000000ffc00000|100%| E|CS|TAMS 0x00000000ffb00000, 0x00000000ffb00000| Complete 
|  60|0x00000000ffc00000, 0x00000000ffd00000, 0x00000000ffd00000|100%| E|CS|TAMS 0x00000000ffc00000, 0x00000000ffc00000| Complete 
|  61|0x00000000ffd00000, 0x00000000ffe00000, 0x00000000ffe00000|100%| E|CS|TAMS 0x00000000ffd00000, 0x00000000ffd00000| Complete 
|  62|0x00000000ffe00000, 0x00000000fff00000, 0x00000000fff00000|100%| E|CS|TAMS 0x00000000ffe00000, 0x00000000ffe00000| Complete 
|  63|0x00000000fff00000, 0x0000000100000000, 0x0000000100000000|100%| E|CS|TAMS 0x00000000fff00000, 0x00000000fff00000| Complete 

Card table byte_map: [0x0000022e299c0000,0x0000022e299e0000] _byte_map_base: 0x0000022e291e0000

Marking Bits (Prev, Next): (CMBitMap*) 0x0000022e2a2734a0, (CMBitMap*) 0x0000022e2a2734e0
 Prev Bits: [0x0000022e40e40000, 0x0000022e40f40000)
 Next Bits: [0x0000022e40f40000, 0x0000022e41040000)

Polling page: 0x0000022e281c0000

Metaspace:

Usage:
  Non-class:      8.23 MB used.
      Class:      1.29 MB used.
       Both:      9.52 MB used.

Virtual space:
  Non-class space:       64.00 MB reserved,       8.31 MB ( 13%) committed,  1 nodes.
      Class space:        1.00 GB reserved,       1.38 MB ( <1%) committed,  1 nodes.
             Both:        1.06 GB reserved,       9.69 MB ( <1%) committed. 

Chunk freelists:
   Non-Class:  7.34 MB
       Class:  14.44 MB
        Both:  21.79 MB

MaxMetaspaceSize: unlimited
CompressedClassSpaceSize: 1.00 GB
Initial GC threshold: 21.00 MB
Current GC threshold: 21.00 MB
CDS: on
MetaspaceReclaimPolicy: balanced
 - commit_granule_bytes: 65536.
 - commit_granule_words: 8192.
 - virtual_space_node_default_size: 8388608.
 - enlarge_chunks_in_place: 1.
 - new_chunks_are_fully_committed: 0.
 - uncommit_free_chunks: 1.
 - use_allocation_guard: 0.
 - handle_deallocations: 1.


Internal statistics:

num_allocs_failed_limit: 0.
num_arena_births: 76.
num_arena_deaths: 0.
num_vsnodes_births: 2.
num_vsnodes_deaths: 0.
num_space_committed: 155.
num_space_uncommitted: 0.
num_chunks_returned_to_freelist: 0.
num_chunks_taken_from_freelist: 354.
num_chunk_merges: 0.
num_chunk_splits: 234.
num_chunks_enlarged: 194.
num_inconsistent_stats: 0.

CodeHeap 'non-profiled nmethods': size=120000Kb used=674Kb max_used=674Kb free=119326Kb
 bounds [0x0000022e395e0000, 0x0000022e39850000, 0x0000022e40b10000]
CodeHeap 'profiled nmethods': size=120000Kb used=2732Kb max_used=2732Kb free=117267Kb
 bounds [0x0000022e31b10000, 0x0000022e31dc0000, 0x0000022e39040000]
CodeHeap 'non-nmethods': size=5760Kb used=1172Kb max_used=1190Kb free=4587Kb
 bounds [0x0000022e39040000, 0x0000022e392b0000, 0x0000022e395e0000]
 total_blobs=1945 nmethods=1475 adapters=383
 compilation: enabled
              stopped_count=0, restarted_count=0
 full_count=0

Compilation events (20 events):
Event: 8.252 Thread 0x0000022e43a02ff0 nmethod 1462 0x0000022e39687610 code [0x0000022e396877a0, 0x0000022e396878b8]
Event: 8.860 Thread 0x0000022e43a02ff0 1463       1       org.fusesource.jansi.Ansi$Attribute::value (5 bytes)
Event: 8.860 Thread 0x0000022e43a02ff0 nmethod 1463 0x0000022e39687910 code [0x0000022e39687aa0, 0x0000022e39687b78]
Event: 9.402 Thread 0x0000022e43a02ff0 1464       3       java.lang.StringBuilder::insert (9 bytes)
Event: 9.402 Thread 0x0000022e43a02ff0 nmethod 1464 0x0000022e31db6b10 code [0x0000022e31db6ca0, 0x0000022e31db6de8]
Event: 9.411 Thread 0x0000022e43a02ff0 1465       3       java.lang.String::checkOffset (48 bytes)
Event: 9.411 Thread 0x0000022e43a02ff0 nmethod 1465 0x0000022e31db6e90 code [0x0000022e31db70e0, 0x0000022e31db7858]
Event: 9.832 Thread 0x0000022e43a02ff0 1466       3       java.util.concurrent.ThreadPoolExecutor::isShutdown (12 bytes)
Event: 9.833 Thread 0x0000022e43a02ff0 nmethod 1466 0x0000022e31db7b90 code [0x0000022e31db7d40, 0x0000022e31db7f38]
Event: 9.833 Thread 0x0000022e43a02ff0 1467       3       java.util.concurrent.ScheduledThreadPoolExecutor::canRunInCurrentRunState (61 bytes)
Event: 9.833 Thread 0x0000022e43a02ff0 nmethod 1467 0x0000022e31db8010 code [0x0000022e31db8220, 0x0000022e31db8a28]
Event: 10.007 Thread 0x0000022e43a02ff0 1468       3       org.gradle.internal.logging.console.DefaultRedrawableLabel::redraw (163 bytes)
Event: 10.008 Thread 0x0000022e43a02ff0 nmethod 1468 0x0000022e31db8c90 code [0x0000022e31db8f00, 0x0000022e31db99b8]
Event: 10.009 Thread 0x0000022e43a02ff0 1469       3       java.util.ArrayList$Itr::next (66 bytes)
Event: 10.010 Thread 0x0000022e43a02ff0 nmethod 1469 0x0000022e31db9e10 code [0x0000022e31dba000, 0x0000022e31dba428]
Event: 10.077 Thread 0x0000022e43a02ff0 1470       3       java.lang.Integer::equals (29 bytes)
Event: 10.078 Thread 0x0000022e43a02ff0 nmethod 1470 0x0000022e31dba610 code [0x0000022e31dba7c0, 0x0000022e31dbabb8]
Event: 10.160 Thread 0x0000022e43a02ff0 1471       3       java.nio.CharBuffer::arrayOffset (35 bytes)
Event: 10.160 Thread 0x0000022e43a02ff0 nmethod 1471 0x0000022e31dbac90 code [0x0000022e31dbae60, 0x0000022e31dbb138]
Event: 10.304 Thread 0x0000022e43a026e0 1472       4       java.lang.AbstractStringBuilder::append (45 bytes)

GC Heap History (4 events):
Event: 0.515 GC heap before
{Heap before GC invocations=0 (full 0):
 garbage-first heap   total 65536K, used 22528K [0x00000000fc000000, 0x0000000100000000)
  region size 1024K, 23 young (23552K), 0 survivors (0K)
 Metaspace       used 1834K, committed 1920K, reserved 1114112K
  class space    used 159K, committed 192K, reserved 1048576K
}
Event: 0.522 GC heap after
{Heap after GC invocations=1 (full 0):
 garbage-first heap   total 65536K, used 4640K [0x00000000fc000000, 0x0000000100000000)
  region size 1024K, 3 young (3072K), 3 survivors (3072K)
 Metaspace       used 1834K, committed 1920K, reserved 1114112K
  class space    used 159K, committed 192K, reserved 1048576K
}
Event: 1.552 GC heap before
{Heap before GC invocations=1 (full 0):
 garbage-first heap   total 65536K, used 36384K [0x00000000fc000000, 0x0000000100000000)
  region size 1024K, 30 young (30720K), 3 survivors (3072K)
 Metaspace       used 8281K, committed 8448K, reserved 1114112K
  class space    used 1124K, committed 1216K, reserved 1048576K
}
Event: 1.558 GC heap after
{Heap after GC invocations=2 (full 0):
 garbage-first heap   total 65536K, used 12404K [0x00000000fc000000, 0x0000000100000000)
  region size 1024K, 4 young (4096K), 4 survivors (4096K)
 Metaspace       used 8281K, committed 8448K, reserved 1114112K
  class space    used 1124K, committed 1216K, reserved 1048576K
}

Deoptimization events (20 events):
Event: 1.630 Thread 0x0000022e2a253740 Uncommon trap: trap_request=0xffffffde fr.pc=0x0000022e396154fc relative=0x000000000000007c
Event: 1.630 Thread 0x0000022e2a253740 Uncommon trap: reason=class_check action=maybe_recompile pc=0x0000022e396154fc method=java.util.AbstractList$Itr.hasNext()Z @ 8 c2
Event: 1.630 Thread 0x0000022e2a253740 DEOPT PACKING pc=0x0000022e396154fc sp=0x0000007c96bfbe70
Event: 1.630 Thread 0x0000022e2a253740 DEOPT UNPACKING pc=0x0000022e390923a3 sp=0x0000007c96bfbe08 mode 2
Event: 1.630 Thread 0x0000022e2a253740 Uncommon trap: trap_request=0xffffffde fr.pc=0x0000022e39615b68 relative=0x00000000000000c8
Event: 1.630 Thread 0x0000022e2a253740 Uncommon trap: reason=class_check action=maybe_recompile pc=0x0000022e39615b68 method=java.util.AbstractList$Itr.next()Ljava/lang/Object; @ 14 c2
Event: 1.630 Thread 0x0000022e2a253740 DEOPT PACKING pc=0x0000022e39615b68 sp=0x0000007c96bfbe60
Event: 1.630 Thread 0x0000022e2a253740 DEOPT UNPACKING pc=0x0000022e390923a3 sp=0x0000007c96bfbdf8 mode 2
Event: 1.658 Thread 0x0000022e2a253740 Uncommon trap: trap_request=0xffffff45 fr.pc=0x0000022e3964f430 relative=0x0000000000000450
Event: 1.659 Thread 0x0000022e2a253740 Uncommon trap: reason=unstable_if action=reinterpret pc=0x0000022e3964f430 method=java.util.regex.Matcher.match(II)Z @ 76 c2
Event: 1.659 Thread 0x0000022e2a253740 DEOPT PACKING pc=0x0000022e3964f430 sp=0x0000007c96bfbfd0
Event: 1.659 Thread 0x0000022e2a253740 DEOPT UNPACKING pc=0x0000022e390923a3 sp=0x0000007c96bfbf88 mode 2
Event: 1.662 Thread 0x0000022e2a253740 Uncommon trap: trap_request=0xffffffde fr.pc=0x0000022e396154fc relative=0x000000000000007c
Event: 1.662 Thread 0x0000022e2a253740 Uncommon trap: reason=class_check action=maybe_recompile pc=0x0000022e396154fc method=java.util.AbstractList$Itr.hasNext()Z @ 8 c2
Event: 1.662 Thread 0x0000022e2a253740 DEOPT PACKING pc=0x0000022e396154fc sp=0x0000007c96bfcea0
Event: 1.662 Thread 0x0000022e2a253740 DEOPT UNPACKING pc=0x0000022e390923a3 sp=0x0000007c96bfce38 mode 2
Event: 1.750 Thread 0x0000022e899ecbc0 Uncommon trap: trap_request=0xffffffde fr.pc=0x0000022e39615b68 relative=0x00000000000000c8
Event: 1.750 Thread 0x0000022e899ecbc0 Uncommon trap: reason=class_check action=maybe_recompile pc=0x0000022e39615b68 method=java.util.AbstractList$Itr.next()Ljava/lang/Object; @ 14 c2
Event: 1.750 Thread 0x0000022e899ecbc0 DEOPT PACKING pc=0x0000022e39615b68 sp=0x0000007c983feef0
Event: 1.750 Thread 0x0000022e899ecbc0 DEOPT UNPACKING pc=0x0000022e390923a3 sp=0x0000007c983fee88 mode 2

Classes unloaded (0 events):
No events

Classes redefined (0 events):
No events

Internal exceptions (20 events):
Event: 0.918 Thread 0x0000022e2a253740 Exception <a 'java/lang/NoSuchMethodError'{0x00000000ff5dadb0}: 'java.lang.Object java.lang.invoke.Invokers$Holder.invoker(java.lang.Object, java.lang.Object, java.lang.Object)'> (0x00000000ff5dadb0) 
thrown [s\open\src\hotspot\share\interpreter\linkResolver.cpp, line 759]
Event: 0.920 Thread 0x0000022e2a253740 Exception <a 'java/lang/NoSuchMethodError'{0x00000000ff5e3f08}: 'java.lang.Object java.lang.invoke.DirectMethodHandle$Holder.invokeStatic(java.lang.Object, java.lang.Object, int)'> (0x00000000ff5e3f08) 
thrown [s\open\src\hotspot\share\interpreter\linkResolver.cpp, line 759]
Event: 0.922 Thread 0x0000022e2a253740 Exception <a 'java/lang/NoSuchMethodError'{0x00000000ff5efbf8}: 'void java.lang.invoke.DelegatingMethodHandle$Holder.delegate(java.lang.Object, java.lang.Object, int, java.lang.Object)'> (0x00000000ff5efbf8) 
thrown [s\open\src\hotspot\share\interpreter\linkResolver.cpp, line 759]
Event: 0.922 Thread 0x0000022e2a253740 Exception <a 'java/lang/NoSuchMethodError'{0x00000000ff5f3c30}: 'int java.lang.invoke.DirectMethodHandle$Holder.invokeSpecial(java.lang.Object, java.lang.Object, java.lang.Object)'> (0x00000000ff5f3c30) 
thrown [s\open\src\hotspot\share\interpreter\linkResolver.cpp, line 759]
Event: 0.924 Thread 0x0000022e2a253740 Exception <a 'java/lang/NoSuchMethodError'{0x00000000ff4071c0}: 'java.lang.Object java.lang.invoke.Invokers$Holder.invokeExact_MT(java.lang.Object, java.lang.Object, java.lang.Object, java.lang.Object)'> (0x00000000ff4071c0) 
thrown [s\open\src\hotspot\share\interpreter\linkResolver.cpp, line 759]
Event: 0.930 Thread 0x0000022e2a253740 Exception <a 'java/lang/NoSuchMethodError'{0x00000000ff439b58}: 'java.lang.Object java.lang.invoke.DirectMethodHandle$Holder.invokeVirtual(java.lang.Object, java.lang.Object, java.lang.Object)'> (0x00000000ff439b58) 
thrown [s\open\src\hotspot\share\interpreter\linkResolver.cpp, line 759]
Event: 1.085 Thread 0x0000022e2a253740 Exception <a 'java/lang/NoSuchMethodError'{0x00000000ff08e698}: 'java.lang.Object java.lang.invoke.DirectMethodHandle$Holder.newInvokeSpecial(java.lang.Object, java.lang.Object, java.lang.Object, java.lang.Object, java.lang.Object)'> (0x00000000ff08e698) 
thrown [s\open\src\hotspot\share\interpreter\linkResolver.cpp, line 759]
Event: 1.153 Thread 0x0000022e2a253740 Exception <a 'java/lang/NoSuchMethodError'{0x00000000fed5b9e8}: 'void java.lang.invoke.DirectMethodHandle$Holder.invokeSpecial(java.lang.Object, java.lang.Object, java.lang.Object)'> (0x00000000fed5b9e8) 
thrown [s\open\src\hotspot\share\interpreter\linkResolver.cpp, line 759]
Event: 1.164 Thread 0x0000022e2a253740 Implicit null exception at 0x0000022e3964b38f to 0x0000022e3964b8e0
Event: 1.164 Thread 0x0000022e2a253740 Implicit null exception at 0x0000022e3962700f to 0x0000022e39627590
Event: 1.164 Thread 0x0000022e2a253740 Implicit null exception at 0x0000022e3961c08f to 0x0000022e3961c109
Event: 1.189 Thread 0x0000022e2a253740 Exception <a 'java/lang/NoSuchMethodError'{0x00000000feb1b8c8}: 'java.lang.Object java.lang.invoke.DirectMethodHandle$Holder.invokeStaticInit(java.lang.Object)'> (0x00000000feb1b8c8) 
thrown [s\open\src\hotspot\share\interpreter\linkResolver.cpp, line 759]
Event: 1.227 Thread 0x0000022e2a253740 Exception <a 'java/lang/NoSuchMethodError'{0x00000000febbdb98}: 'int java.lang.invoke.DirectMethodHandle$Holder.invokeVirtual(java.lang.Object, java.lang.Object, java.lang.Object)'> (0x00000000febbdb98) 
thrown [s\open\src\hotspot\share\interpreter\linkResolver.cpp, line 759]
Event: 1.284 Thread 0x0000022e2a253740 Exception <a 'java/lang/NoSuchMethodError'{0x00000000fe511250}: 'java.lang.Object java.lang.invoke.DirectMethodHandle$Holder.invokeSpecialIFC(java.lang.Object, java.lang.Object, java.lang.Object, java.lang.Object)'> (0x00000000fe511250) 
thrown [s\open\src\hotspot\share\interpreter\linkResolver.cpp, line 759]
Event: 1.331 Thread 0x0000022e2a253740 Exception <a 'java/lang/NoSuchMethodError'{0x00000000fe3d9788}: 'java.lang.Object java.lang.invoke.DirectMethodHandle$Holder.invokeStaticInit(java.lang.Object, int, int, int, int)'> (0x00000000fe3d9788) 
thrown [s\open\src\hotspot\share\interpreter\linkResolver.cpp, line 759]
Event: 1.423 Thread 0x0000022e2a253740 Exception <a 'java/lang/NoSuchMethodError'{0x00000000fe23fd20}: 'java.lang.Object java.lang.invoke.DirectMethodHandle$Holder.invokeStaticInit(java.lang.Object, java.lang.Object, int, int, int, int)'> (0x00000000fe23fd20) 
thrown [s\open\src\hotspot\share\interpreter\linkResolver.cpp, line 759]
Event: 1.539 Thread 0x0000022e2a253740 Exception <a 'java/lang/NoSuchMethodError'{0x00000000fe2727f8}: 'void java.lang.invoke.DirectMethodHandle$Holder.invokeStatic(java.lang.Object, java.lang.Object, java.lang.Object)'> (0x00000000fe2727f8) 
thrown [s\open\src\hotspot\share\interpreter\linkResolver.cpp, line 759]
Event: 1.568 Thread 0x0000022e2a253740 Implicit null exception at 0x0000022e396225f2 to 0x0000022e39622c0c
Event: 1.569 Thread 0x0000022e2a253740 Implicit null exception at 0x0000022e39644c72 to 0x0000022e3964528c
Event: 10.300 Thread 0x0000022e2a253740 Exception <a 'sun/net/ConnectionResetException'{0x00000000ffc40df8}: Connection reset> (0x00000000ffc40df8) 
thrown [s\open\src\hotspot\share\prims\jni.cpp, line 535]

VM Operations (20 events):
Event: 1.594 Executing VM operation: HandshakeAllThreads
Event: 1.594 Executing VM operation: HandshakeAllThreads done
Event: 1.737 Executing VM operation: HandshakeAllThreads
Event: 1.737 Executing VM operation: HandshakeAllThreads done
Event: 1.750 Executing VM operation: HandshakeAllThreads
Event: 1.750 Executing VM operation: HandshakeAllThreads done
Event: 2.753 Executing VM operation: Cleanup
Event: 2.753 Executing VM operation: Cleanup done
Event: 3.767 Executing VM operation: Cleanup
Event: 3.767 Executing VM operation: Cleanup done
Event: 5.794 Executing VM operation: Cleanup
Event: 5.794 Executing VM operation: Cleanup done
Event: 6.803 Executing VM operation: Cleanup
Event: 6.803 Executing VM operation: Cleanup done
Event: 7.815 Executing VM operation: Cleanup
Event: 7.815 Executing VM operation: Cleanup done
Event: 8.821 Executing VM operation: Cleanup
Event: 8.821 Executing VM operation: Cleanup done
Event: 8.859 Executing VM operation: HandshakeAllThreads
Event: 8.859 Executing VM operation: HandshakeAllThreads done

Events (20 events):
Event: 1.638 loading class sun/nio/ch/SinkChannelImpl done
Event: 1.639 loading class sun/nio/ch/SelectionKeyImpl
Event: 1.639 loading class java/nio/channels/spi/AbstractSelectionKey
Event: 1.639 loading class java/nio/channels/SelectionKey
Event: 1.639 loading class java/nio/channels/SelectionKey done
Event: 1.639 loading class java/nio/channels/spi/AbstractSelectionKey done
Event: 1.639 loading class sun/nio/ch/SelectionKeyImpl done
Event: 1.639 loading class java/lang/invoke/ConstantBootstraps
Event: 1.640 loading class java/lang/invoke/ConstantBootstraps done
Event: 1.662 loading class java/nio/channels/spi/AbstractSelector$1
Event: 1.662 loading class java/nio/channels/spi/AbstractSelector$1 done
Event: 1.737 loading class java/util/concurrent/Executors$FinalizableDelegatedExecutorService
Event: 1.737 loading class java/util/concurrent/Executors$FinalizableDelegatedExecutorService done
Event: 1.750 loading class java/util/AbstractList$ListItr
Event: 1.750 loading class java/util/AbstractList$ListItr done
Event: 8.858 loading class java/util/ArrayList$ListItr
Event: 8.859 loading class java/util/ArrayList$ListItr done
Event: 10.300 loading class sun/net/ConnectionResetException
Event: 10.300 loading class sun/net/ConnectionResetException done
Event: 10.305 loading class java/nio/file/FileChannelLinesSpliterator


Dynamic libraries:
0x00007ff6b5560000 - 0x00007ff6b5570000 	C:\Program Files\Java\jdk-17\bin\java.exe
0x00007ff8a42e0000 - 0x00007ff8a4543000 	C:\WINDOWS\SYSTEM32\ntdll.dll
0x00007ff8a3ae0000 - 0x00007ff8a3ba7000 	C:\WINDOWS\System32\KERNEL32.DLL
0x00007ff8a1c70000 - 0x00007ff8a2021000 	C:\WINDOWS\System32\KERNELBASE.dll
0x00007ff8a1860000 - 0x00007ff8a19ab000 	C:\WINDOWS\System32\ucrtbase.dll
0x00007ff8559d0000 - 0x00007ff8559e9000 	C:\Program Files\Java\jdk-17\bin\jli.dll
0x00007ff8512f0000 - 0x00007ff85130b000 	C:\Program Files\Java\jdk-17\bin\VCRUNTIME140.dll
0x00007ff8a3250000 - 0x00007ff8a3302000 	C:\WINDOWS\System32\ADVAPI32.dll
0x00007ff8a31a0000 - 0x00007ff8a3249000 	C:\WINDOWS\System32\msvcrt.dll
0x00007ff8a3950000 - 0x00007ff8a39f7000 	C:\WINDOWS\System32\sechost.dll
0x00007ff8a4180000 - 0x00007ff8a4296000 	C:\WINDOWS\System32\RPCRT4.dll
0x00007ff8a2160000 - 0x00007ff8a2323000 	C:\WINDOWS\System32\USER32.dll
0x00007ff88ace0000 - 0x00007ff88af70000 	C:\WINDOWS\WinSxS\amd64_microsoft.windows.common-controls_6595b64144ccf1df_6.0.26100.1642_none_3e0a93bae3326442\COMCTL32.dll
0x00007ff8a1a30000 - 0x00007ff8a1a57000 	C:\WINDOWS\System32\win32u.dll
0x00007ff8a2e50000 - 0x00007ff8a2e7a000 	C:\WINDOWS\System32\GDI32.dll
0x00007ff8a2030000 - 0x00007ff8a2155000 	C:\WINDOWS\System32\gdi32full.dll
0x00007ff8a1a60000 - 0x00007ff8a1b03000 	C:\WINDOWS\System32\msvcp_win.dll
0x00007ff89f1d0000 - 0x00007ff89f1db000 	C:\WINDOWS\SYSTEM32\VERSION.dll
0x00007ff8a2e10000 - 0x00007ff8a2e3f000 	C:\WINDOWS\System32\IMM32.DLL
0x00007ff899bc0000 - 0x00007ff899bcc000 	C:\Program Files\Java\jdk-17\bin\vcruntime140_1.dll
0x00007ff850cb0000 - 0x00007ff850d3e000 	C:\Program Files\Java\jdk-17\bin\msvcp140.dll
0x00007ff81d9b0000 - 0x00007ff81e590000 	C:\Program Files\Java\jdk-17\bin\server\jvm.dll
0x00007ff8a3ce0000 - 0x00007ff8a3ce8000 	C:\WINDOWS\System32\PSAPI.DLL
0x00007ff88f570000 - 0x00007ff88f5a6000 	C:\WINDOWS\SYSTEM32\WINMM.dll
0x00007ff892a10000 - 0x00007ff892a1a000 	C:\WINDOWS\SYSTEM32\WSOCK32.dll
0x00007ff8a3670000 - 0x00007ff8a36e4000 	C:\WINDOWS\System32\WS2_32.dll
0x00007ff8a0610000 - 0x00007ff8a062a000 	C:\WINDOWS\SYSTEM32\kernel.appcore.dll
0x00007ff890880000 - 0x00007ff89088a000 	C:\Program Files\Java\jdk-17\bin\jimage.dll
0x00007ff89e030000 - 0x00007ff89e271000 	C:\WINDOWS\SYSTEM32\DBGHELP.DLL
0x00007ff8a2a30000 - 0x00007ff8a2dac000 	C:\WINDOWS\System32\combase.dll
0x00007ff8a3070000 - 0x00007ff8a3146000 	C:\WINDOWS\System32\OLEAUT32.dll
0x00007ff86fac0000 - 0x00007ff86faf9000 	C:\WINDOWS\SYSTEM32\dbgcore.DLL
0x00007ff8a1bd0000 - 0x00007ff8a1c69000 	C:\WINDOWS\System32\bcryptPrimitives.dll
0x00007ff865400000 - 0x00007ff865425000 	C:\Program Files\Java\jdk-17\bin\java.dll
0x00007ff846b10000 - 0x00007ff846be7000 	C:\Program Files\Java\jdk-17\bin\jsvml.dll
0x00007ff8a2330000 - 0x00007ff8a2a28000 	C:\WINDOWS\System32\SHELL32.dll
0x00007ff89f450000 - 0x00007ff89fc7a000 	C:\WINDOWS\SYSTEM32\windows.storage.dll
0x00007ff8a2f90000 - 0x00007ff8a3063000 	C:\WINDOWS\System32\SHCORE.dll
0x00007ff8a2db0000 - 0x00007ff8a2e0d000 	C:\WINDOWS\System32\shlwapi.dll
0x00007ff8a1600000 - 0x00007ff8a1629000 	C:\WINDOWS\SYSTEM32\profapi.dll
0x00007ff87a790000 - 0x00007ff87a7a9000 	C:\Program Files\Java\jdk-17\bin\net.dll
0x00007ff89a570000 - 0x00007ff89a696000 	C:\WINDOWS\SYSTEM32\WINHTTP.dll
0x00007ff8a0b00000 - 0x00007ff8a0b68000 	C:\WINDOWS\system32\mswsock.dll
0x00007ff855ba0000 - 0x00007ff855bb6000 	C:\Program Files\Java\jdk-17\bin\nio.dll
0x00007ff855b80000 - 0x00007ff855b98000 	C:\Program Files\Java\jdk-17\bin\zip.dll
0x00007ff884770000 - 0x00007ff884780000 	C:\Program Files\Java\jdk-17\bin\verify.dll
0x00007ff846dd0000 - 0x00007ff846df7000 	C:\Users\user\.gradle\native\c067742578af261105cb4f569cf0c3c89f3d7b1fecec35dd04571415982c5e48\windows-amd64\native-platform.dll
0x00007ff884790000 - 0x00007ff88479a000 	C:\Users\user\.gradle\native\jansi\1.18\windows64\jansi.dll
0x00007ff88f170000 - 0x00007ff88f17a000 	C:\Program Files\Java\jdk-17\bin\management.dll
0x00007ff88c4e0000 - 0x00007ff88c4eb000 	C:\Program Files\Java\jdk-17\bin\management_ext.dll
0x00007ff8a0df0000 - 0x00007ff8a0e0c000 	C:\WINDOWS\SYSTEM32\CRYPTSP.dll
0x00007ff8a0570000 - 0x00007ff8a05a8000 	C:\WINDOWS\system32\rsaenh.dll
0x00007ff8a0bc0000 - 0x00007ff8a0beb000 	C:\WINDOWS\SYSTEM32\USERENV.dll
0x00007ff8a1030000 - 0x00007ff8a1056000 	C:\WINDOWS\SYSTEM32\bcrypt.dll
0x00007ff8a0de0000 - 0x00007ff8a0dec000 	C:\WINDOWS\SYSTEM32\CRYPTBASE.dll
0x00007ff89ffa0000 - 0x00007ff89ffd1000 	C:\WINDOWS\SYSTEM32\IPHLPAPI.DLL
0x00007ff8a3be0000 - 0x00007ff8a3bea000 	C:\WINDOWS\System32\NSI.dll
0x00007ff89a310000 - 0x00007ff89a32e000 	C:\WINDOWS\SYSTEM32\dhcpcsvc6.DLL
0x00007ff899d50000 - 0x00007ff899d75000 	C:\WINDOWS\SYSTEM32\dhcpcsvc.DLL
0x00007ff89ffe0000 - 0x00007ff8a00ff000 	C:\WINDOWS\SYSTEM32\DNSAPI.dll
0x00007ff88c300000 - 0x00007ff88c30e000 	C:\Program Files\Java\jdk-17\bin\sunmscapi.dll
0x00007ff8a16e0000 - 0x00007ff8a1856000 	C:\WINDOWS\System32\CRYPT32.dll
0x00007ff8a0ff0000 - 0x00007ff8a1020000 	C:\WINDOWS\SYSTEM32\ncrypt.dll
0x00007ff8a0fa0000 - 0x00007ff8a0fdf000 	C:\WINDOWS\SYSTEM32\NTASN1.dll
0x00007ff88f340000 - 0x00007ff88f348000 	C:\WINDOWS\system32\wshunix.dll

dbghelp: loaded successfully - version: 4.0.5 - missing functions: none
symbol engine: initialized successfully - sym options: 0x614 - pdb path: .;C:\Program Files\Java\jdk-17\bin;C:\WINDOWS\SYSTEM32;C:\WINDOWS\WinSxS\amd64_microsoft.windows.common-controls_6595b64144ccf1df_6.0.26100.1642_none_3e0a93bae3326442;C:\Program Files\Java\jdk-17\bin\server;C:\Users\user\.gradle\native\c067742578af261105cb4f569cf0c3c89f3d7b1fecec35dd04571415982c5e48\windows-amd64;C:\Users\user\.gradle\native\jansi\1.18\windows64

VM Arguments:
jvm_args: -Xmx64m -Xms64m -Dorg.gradle.appname=gradlew 
java_command: org.gradle.wrapper.GradleWrapperMain app:installDebug -PreactNativeDevServerPort=8081
java_class_path (initial): D:\aplikasi-data-stunting-terintegrasi-master\android\\gradle\wrapper\gradle-wrapper.jar
Launcher Type: SUN_STANDARD

[Global flags]
     intx CICompilerCount                          = 4                                         {product} {ergonomic}
     uint ConcGCThreads                            = 2                                         {product} {ergonomic}
     uint G1ConcRefinementThreads                  = 8                                         {product} {ergonomic}
   size_t G1HeapRegionSize                         = 1048576                                   {product} {ergonomic}
    uintx GCDrainStackTargetSize                   = 64                                        {product} {ergonomic}
   size_t InitialHeapSize                          = 67108864                                  {product} {command line}
   size_t MarkStackSize                            = 4194304                                   {product} {ergonomic}
   size_t MaxHeapSize                              = 67108864                                  {product} {command line}
   size_t MaxNewSize                               = 39845888                                  {product} {ergonomic}
   size_t MinHeapDeltaBytes                        = 1048576                                   {product} {ergonomic}
   size_t MinHeapSize                              = 67108864                                  {product} {command line}
    uintx NonNMethodCodeHeapSize                   = 5839372                                {pd product} {ergonomic}
    uintx NonProfiledCodeHeapSize                  = 122909434                              {pd product} {ergonomic}
    uintx ProfiledCodeHeapSize                     = 122909434                              {pd product} {ergonomic}
    uintx ReservedCodeCacheSize                    = 251658240                              {pd product} {ergonomic}
     bool SegmentedCodeCache                       = true                                      {product} {ergonomic}
   size_t SoftMaxHeapSize                          = 67108864                               {manageable} {ergonomic}
     bool UseCompressedClassPointers               = true                           {product lp64_product} {ergonomic}
     bool UseCompressedOops                        = true                           {product lp64_product} {ergonomic}
     bool UseG1GC                                  = true                                      {product} {ergonomic}
     bool UseLargePagesIndividualAllocation        = false                                  {pd product} {ergonomic}

Logging:
Log output configuration:
 #0: stdout all=warning uptime,level,tags
 #1: stderr all=off uptime,level,tags

Environment Variables:
JAVA_HOME=C:\Program Files\Java\jdk-17
CLASSPATH=D:\aplikasi-data-stunting-terintegrasi-master\android\\gradle\wrapper\gradle-wrapper.jar
PATH=D:\aplikasi-data-stunting-terintegrasi-master\node_modules\.bin;D:\node_modules\.bin;C:\Users\user\AppData\Roaming\npm\node_modules\npm\node_modules\@npmcli\run-script\lib\node-gyp-bin;C:\Program Files\Common Files\Oracle\Java\javapath;C:\Program Files\Microsoft\jdk-17.0.14.7-hotspot\bin;C:\Program Files (x86)\Common Files\Oracle\Java\javapath;C:\Windows\system32;C:\Windows;C:\Windows\System32\Wbem;C:\Windows\System32\WindowsPowerShell\v1.0\;C:\Windows\System32\OpenSSH\;C:\Program Files (x86)\NVIDIA Corporation\PhysX\Common;C:\WINDOWS\system32;C:\WINDOWS;C:\WINDOWS\System32\Wbem;C:\WINDOWS\System32\WindowsPowerShell\v1.0\;C:\WINDOWS\System32\OpenSSH\;C:\Program Files\NVIDIA Corporation\NVIDIA NvDLISR;C:\Program Files\dotnet\;C:\Program Files\Microsoft\jdk-17.0.14.7-hotspot\\bin;D:\Android\Sdk\platform-tools;D:\Android\Sdk\cmdline-tools\latest\bin;D:\Android\Sdk\build-tools\35.0.1;C:\ProgramData\chocolatey\bin;C:\Users\user\AppData\Local\nvm;C:\nvm4w\nodejs;C:\Program Files\nodejs\;C:\Program Files\Git\cmd;D:\Android\Sdk\tools;C:\Program Files\Java\jdk-17\bin;D:\Android\Sdk\tools;C:\Program Files\Java\jdk-17\bin;C:\Users\user\AppData\Local\Microsoft\WindowsApps;C:\Users\user\AppData\Local\spicetify;C:\Users\user\AppData\Local\Microsoft\WindowsApps;C:\Users\user\.dotnet\tools;D:\Android\Sdk\platform-tools;D:\Microsoft VS Code\bin;C:\Users\user\AppData\Local\Android\Sdk\platform-tools;D:\Android\Sdk\platform-tools;C:\Users\user\AppData\Local\nvm;C:\nvm4w\nodejs;C:\Program Files\nodejs;C:\Users\user\AppData\Roaming\npm;
USERNAME=user
LANG=en_US.UTF-8
OS=Windows_NT
PROCESSOR_IDENTIFIER=Intel64 Family 6 Model 165 Stepping 2, GenuineIntel



---------------  S Y S T E M  ---------------

OS:
 Windows 11 , 64 bit Build 26100 (10.0.26100.1620)
OS uptime: 1 days 18:45 hours
Hyper-V role detected

CPU: total 8 (initial active 8) (4 cores per cpu, 2 threads per core) family 6 model 165 stepping 2 microcode 0xe0, cx8, cmov, fxsr, ht, mmx, 3dnowpref, sse, sse2, sse3, ssse3, sse4.1, sse4.2, popcnt, lzcnt, tsc, tscinvbit, avx, avx2, aes, erms, clmul, bmi1, bmi2, adx, fma, vzeroupper, clflush, clflushopt, hv

Memory: 4k page, system-wide physical 8029M (614M free)
TotalPageFile size 18980M (AvailPageFile size 1M)
current process WorkingSet (physical memory assigned to process): 82M, peak: 114M
current process commit charge ("private bytes"): 164M, peak: 177M

vm_info: Java HotSpot(TM) 64-Bit Server VM (17.0.12+8-LTS-286) for windows-amd64 JRE (17.0.12+8-LTS-286), built on Jun  5 2024 06:46:59 by "mach5one" with MS VC++ 17.6 (VS2022)

END.
